0 info it worked if it ends with ok
1 verbose cli [ '/Users/iridium/.nvm/versions/node/v6.10.1/bin/node',
1 verbose cli   '/Users/iridium/.nvm/versions/node/v6.10.1/bin/npm',
1 verbose cli   'run',
1 verbose cli   'lint',
1 verbose cli   '--',
1 verbose cli   '-f',
1 verbose cli   'compact',
1 verbose cli   'sorting_algorithms.jsx' ]
2 info using npm@3.10.10
3 info using node@v6.10.1
4 verbose stack Error: ENOENT: no such file or directory, open '/Users/iridium/Documents/GitHub/algorithms_in_javascript/package.json'
4 verbose stack     at Error (native)
5 verbose cwd /Users/iridium/Documents/GitHub/algorithms_in_javascript
6 error Darwin 17.5.0
7 error argv "/Users/iridium/.nvm/versions/node/v6.10.1/bin/node" "/Users/iridium/.nvm/versions/node/v6.10.1/bin/npm" "run" "lint" "--" "-f" "compact" "sorting_algorithms.jsx"
8 error node v6.10.1
9 error npm  v3.10.10
10 error path /Users/iridium/Documents/GitHub/algorithms_in_javascript/package.json
11 error code ENOENT
12 error errno -2
13 error syscall open
14 error enoent ENOENT: no such file or directory, open '/Users/iridium/Documents/GitHub/algorithms_in_javascript/package.json'
15 error enoent ENOENT: no such file or directory, open '/Users/iridium/Documents/GitHub/algorithms_in_javascript/package.json'
15 error enoent This is most likely not a problem with npm itself
15 error enoent and is related to npm not being able to find a file.
16 verbose exit [ -2, true ]
